Performing C SOURCE FILE Test CMAKE_HAVE_LIBC_PTHREAD failed with the following output:
Change Dir: /home/norris/steer_bot/catkin_ws/build/CMakeFiles/CMakeTmp

Run Build Command(s):/usr/bin/make cmTC_cb990/fast && /usr/bin/make  -f CMakeFiles/cmTC_cb990.dir/build.make CMakeFiles/cmTC_cb990.dir/build
make[1]: Entering directory '/home/norris/steer_bot/catkin_ws/build/CMakeFiles/CMakeTmp'
Building C object CMakeFiles/cmTC_cb990.dir/src.c.o
/usr/bin/cc   -DCMAKE_HAVE_LIBC_PTHREAD -o CMakeFiles/cmTC_cb990.dir/src.c.o -c /home/norris/steer_bot/catkin_ws/build/CMakeFiles/CMakeTmp/src.c
Linking C executable cmTC_cb990
/usr/bin/cmake -E cmake_link_script CMakeFiles/cmTC_cb990.dir/link.txt --verbose=1
/usr/bin/cc  -DCMAKE_HAVE_LIBC_PTHREAD -rdynamic CMakeFiles/cmTC_cb990.dir/src.c.o -o cmTC_cb990 
/usr/bin/ld: CMakeFiles/cmTC_cb990.dir/src.c.o: in function `main':
src.c:(.text+0x46): undefined reference to `pthread_create'
/usr/bin/ld: src.c:(.text+0x52): undefined reference to `pthread_detach'
/usr/bin/ld: src.c:(.text+0x5e): undefined reference to `pthread_cancel'
/usr/bin/ld: src.c:(.text+0x6f): undefined reference to `pthread_join'
collect2: error: ld returned 1 exit status
make[1]: *** [CMakeFiles/cmTC_cb990.dir/build.make:106: cmTC_cb990] Error 1
make[1]: Leaving directory '/home/norris/steer_bot/catkin_ws/build/CMakeFiles/CMakeTmp'
make: *** [Makefile:140: cmTC_cb990/fast] Error 2


Source file was:
#include <pthread.h>

void* test_func(void* data)
{
  return data;
}

int main(void)
{
  pthread_t thread;
  pthread_create(&thread, NULL, test_func, NULL);
  pthread_detach(thread);
  pthread_cancel(thread);
  pthread_join(thread, NULL);
  pthread_atfork(NULL, NULL, NULL);
  pthread_exit(NULL);

  return 0;
}

Determining if the function pthread_create exists in the pthreads failed with the following output:
Change Dir: /home/norris/steer_bot/catkin_ws/build/CMakeFiles/CMakeTmp

Run Build Command(s):/usr/bin/make cmTC_b7654/fast && /usr/bin/make  -f CMakeFiles/cmTC_b7654.dir/build.make CMakeFiles/cmTC_b7654.dir/build
make[1]: Entering directory '/home/norris/steer_bot/catkin_ws/build/CMakeFiles/CMakeTmp'
Building C object CMakeFiles/cmTC_b7654.dir/CheckFunctionExists.c.o
/usr/bin/cc   -DCHECK_FUNCTION_EXISTS=pthread_create -o CMakeFiles/cmTC_b7654.dir/CheckFunctionExists.c.o -c /usr/share/cmake-3.18/Modules/CheckFunctionExists.c
Linking C executable cmTC_b7654
/usr/bin/cmake -E cmake_link_script CMakeFiles/cmTC_b7654.dir/link.txt --verbose=1
/usr/bin/cc  -DCHECK_FUNCTION_EXISTS=pthread_create -rdynamic CMakeFiles/cmTC_b7654.dir/CheckFunctionExists.c.o -o cmTC_b7654  -lpthreads 
/usr/bin/ld: cannot find -lpthreads
collect2: error: ld returned 1 exit status
make[1]: *** [CMakeFiles/cmTC_b7654.dir/build.make:106: cmTC_b7654] Error 1
make[1]: Leaving directory '/home/norris/steer_bot/catkin_ws/build/CMakeFiles/CMakeTmp'
make: *** [Makefile:140: cmTC_b7654/fast] Error 2



